#
# There is insufficient memory for the Java Runtime Environment to continue.
# Native memory allocation (malloc) failed to allocate 32744 bytes for ChunkPool::allocate
# Possible reasons:
#   The system is out of physical RAM or swap space
#   In 32 bit mode, the process size limit was hit
# Possible solutions:
#   Reduce memory load on the system
#   Increase physical memory or swap space
#   Check if swap backing store is full
#   Use 64 bit Java on a 64 bit OS
#   Decrease Java heap size (-Xmx/-Xms)
#   Decrease number of Java threads
#   Decrease Java thread stack sizes (-Xss)
#   Set larger code cache with -XX:ReservedCodeCacheSize=
# This output file may be truncated or incomplete.
#
#  Out of Memory Error (allocation.cpp:273), pid=23524, tid=0x0000000000006080
#
# JRE version: Java(TM) SE Runtime Environment (8.0_191-b12) (build 1.8.0_191-b12)
# Java VM: Java HotSpot(TM) 64-Bit Server VM (25.191-b12 mixed mode windows-amd64 compressed oops)
# Failed to write core dump. Minidumps are not enabled by default on client versions of Windows
#

---------------  T H R E A D  ---------------

Current thread (0x0000000017f3f000):  JavaThread "C2 CompilerThread0" daemon [_thread_in_native, id=24704, stack(0x0000000019880000,0x0000000019980000)]

Stack: [0x0000000019880000,0x0000000019980000]
[error occurred during error reporting (printing stack bounds), id 0xc0000005]

Native frames: (J=compiled Java code, j=interpreted, Vv=VM code, C=native code)


Current CompileTask:
C2:   9742 3387   !   4       java.net.URLClassLoader$1::run (63 bytes)


---------------  P R O C E S S  ---------------

Java Threads: ( => current thread )
  0x0000000019428800 JavaThread "surefire-forkedjvm-ping-30s" daemon [_thread_in_native, id=27068, stack(0x0000000019e80000,0x0000000019f80000)]
  0x00000000193e7000 JavaThread "surefire-forkedjvm-command-thread" daemon [_thread_in_native, id=23732, stack(0x0000000019d80000,0x0000000019e80000)]
  0x00000000192fe800 JavaThread "Service Thread" daemon [_thread_blocked, id=28304, stack(0x0000000019b80000,0x0000000019c80000)]
  0x0000000019291000 JavaThread "C1 CompilerThread2" daemon [_thread_blocked, id=25668, stack(0x0000000019a80000,0x0000000019b80000)]
  0x0000000019289000 JavaThread "C2 CompilerThread1" daemon [_thread_in_native, id=4828, stack(0x0000000019980000,0x0000000019a80000)]
=>0x0000000017f3f000 JavaThread "C2 CompilerThread0" daemon [_thread_in_native, id=24704, stack(0x0000000019880000,0x0000000019980000)]
  0x0000000017f8e800 JavaThread "Attach Listener" daemon [_thread_blocked, id=2964, stack(0x0000000019780000,0x0000000019880000)]
  0x0000000019288800 JavaThread "Signal Dispatcher" daemon [_thread_blocked, id=9144, stack(0x0000000019680000,0x0000000019780000)]
  0x00000000033ec000 JavaThread "Finalizer" daemon [_thread_blocked, id=26948, stack(0x0000000019180000,0x0000000019280000)]
  0x00000000033e3800 JavaThread "Reference Handler" daemon [_thread_blocked, id=26108, stack(0x0000000019080000,0x0000000019180000)]
  0x00000000032ee800 JavaThread "main" [_thread_in_native, id=26584, stack(0x00000000031b0000,0x00000000032b0000)]

Other Threads:
  0x0000000017ef7000 VMThread [stack: 0x0000000018f80000,0x0000000019080000] [id=26784]
  0x000000001932d800 WatcherThread [stack: 0x0000000019c80000,0x0000000019d80000] [id=23976]

VM state:not at safepoint (normal execution)

VM Mutex/Monitor currently owned by a thread: None

Heap:
 PSYoungGen      total 215552K, used 63550K [0x00000000d5e00000, 0x00000000e5880000, 0x0000000100000000)
  eden space 201728K, 31% used [0x00000000d5e00000,0x00000000d9c0f960,0x00000000e2300000)
  from space 13824K, 0% used [0x00000000e3400000,0x00000000e3400000,0x00000000e4180000)
  to   space 17408K, 0% used [0x00000000e2300000,0x00000000e2300000,0x00000000e3400000)
 ParOldGen       total 92160K, used 30807K [0x0000000081a00000, 0x0000000087400000, 0x00000000d5e00000)
  object space 92160K, 33% used [0x0000000081a00000,0x0000000083815f78,0x0000000087400000)
 Metaspace       used 36940K, capacity 38082K, committed 38272K, reserved 1083392K
  class space    used 4883K, capacity 5141K, committed 5248K, reserved 1048576K

Card table byte_map: [0x00000000127b0000,0x0000000012bb0000] byte_map_base: 0x00000000123a3000

Marking Bits: (ParMarkBitMap*) 0x0000000066b93e30
 Begin Bits: [0x0000000013260000, 0x00000000151f8000)
 End Bits:   [0x00000000151f8000, 0x0000000017190000)

Polling page: 0x00000000014b0000

CodeCache: size=245760Kb used=13711Kb max_used=13711Kb free=232048Kb
 bounds [0x00000000033f0000, 0x0000000004160000, 0x00000000123f0000]
 total_blobs=4155 nmethods=3741 adapters=325
 compilation: enabled

Compilation events (10 events):
Event: 9.700 Thread 0x0000000019291000 3796       2       java.lang.reflect.Method::isVarArgs (5 bytes)
Event: 9.700 Thread 0x0000000019291000 nmethod 3796 0x0000000004159850 code [0x00000000041599a0, 0x0000000004159b10]
Event: 9.701 Thread 0x0000000019291000 3797       2       sun.reflect.generics.reflectiveObjects.WildcardTypeImpl::getLowerBounds (72 bytes)
Event: 9.702 Thread 0x0000000019291000 nmethod 3797 0x0000000004159b90 code [0x0000000004159d20, 0x000000000415a198]
Event: 9.703 Thread 0x0000000019291000 3798       2       java.lang.reflect.Modifier::toString (202 bytes)
Event: 9.704 Thread 0x0000000019291000 nmethod 3798 0x000000000415a3d0 code [0x000000000415a600, 0x000000000415abd8]
Event: 9.709 Thread 0x0000000019291000 3799       2       sun.reflect.generics.reflectiveObjects.WildcardTypeImpl::getUpperBounds (72 bytes)
Event: 9.710 Thread 0x0000000019291000 nmethod 3799 0x000000000415af50 code [0x000000000415b0e0, 0x000000000415b558]
Event: 9.730 Thread 0x0000000019291000 3800       2       org.springframework.beans.ExtendedBeanInfo::isCandidateWriteMethod (88 bytes)
Event: 9.731 Thread 0x0000000019291000 nmethod 3800 0x000000000415b790 code [0x000000000415b920, 0x000000000415bc28]

GC Heap History (10 events):
Event: 2.701 GC heap before
{Heap before GC invocations=6 (full 1):
 PSYoungGen      total 71680K, used 5114K [0x00000000d5e00000, 0x00000000def00000, 0x0000000100000000)
  eden space 66560K, 0% used [0x00000000d5e00000,0x00000000d5e00000,0x00000000d9f00000)
  from space 5120K, 99% used [0x00000000d9f00000,0x00000000da3fe8c8,0x00000000da400000)
  to   space 7680K, 0% used [0x00000000de780000,0x00000000de780000,0x00000000def00000)
 ParOldGen       total 87552K, used 5302K [0x0000000081a00000, 0x0000000086f80000, 0x00000000d5e00000)
  object space 87552K, 6% used [0x0000000081a00000,0x0000000081f2d848,0x0000000086f80000)
 Metaspace       used 20667K, capacity 21198K, committed 21296K, reserved 1067008K
  class space    used 2727K, capacity 2859K, committed 2944K, reserved 1048576K
Event: 2.747 GC heap after
Heap after GC invocations=6 (full 1):
 PSYoungGen      total 71680K, used 0K [0x00000000d5e00000, 0x00000000def00000, 0x0000000100000000)
  eden space 66560K, 0% used [0x00000000d5e00000,0x00000000d5e00000,0x00000000d9f00000)
  from space 5120K, 0% used [0x00000000d9f00000,0x00000000d9f00000,0x00000000da400000)
  to   space 7680K, 0% used [0x00000000de780000,0x00000000de780000,0x00000000def00000)
 ParOldGen       total 48128K, used 5710K [0x0000000081a00000, 0x0000000084900000, 0x00000000d5e00000)
  object space 48128K, 11% used [0x0000000081a00000,0x0000000081f93a60,0x0000000084900000)
 Metaspace       used 20667K, capacity 21198K, committed 21296K, reserved 1067008K
  class space    used 2727K, capacity 2859K, committed 2944K, reserved 1048576K
}
Event: 3.529 GC heap before
{Heap before GC invocations=7 (full 1):
 PSYoungGen      total 71680K, used 66560K [0x00000000d5e00000, 0x00000000def00000, 0x0000000100000000)
  eden space 66560K, 100% used [0x00000000d5e00000,0x00000000d9f00000,0x00000000d9f00000)
  from space 5120K, 0% used [0x00000000d9f00000,0x00000000d9f00000,0x00000000da400000)
  to   space 7680K, 0% used [0x00000000de780000,0x00000000de780000,0x00000000def00000)
 ParOldGen       total 48128K, used 5710K [0x0000000081a00000, 0x0000000084900000, 0x00000000d5e00000)
  object space 48128K, 11% used [0x0000000081a00000,0x0000000081f93a60,0x0000000084900000)
 Metaspace       used 27197K, capacity 28018K, committed 28160K, reserved 1073152K
  class space    used 3592K, capacity 3793K, committed 3840K, reserved 1048576K
Event: 3.541 GC heap after
Heap after GC invocations=7 (full 1):
 PSYoungGen      total 125952K, used 7650K [0x00000000d5e00000, 0x00000000def00000, 0x0000000100000000)
  eden space 118272K, 0% used [0x00000000d5e00000,0x00000000d5e00000,0x00000000dd180000)
  from space 7680K, 99% used [0x00000000de780000,0x00000000deef8a40,0x00000000def00000)
  to   space 8704K, 0% used [0x00000000dde00000,0x00000000dde00000,0x00000000de680000)
 ParOldGen       total 48128K, used 6285K [0x0000000081a00000, 0x0000000084900000, 0x00000000d5e00000)
  object space 48128K, 13% used [0x0000000081a00000,0x00000000820236f0,0x0000000084900000)
 Metaspace       used 27197K, capacity 28018K, committed 28160K, reserved 1073152K
  class space    used 3592K, capacity 3793K, committed 3840K, reserved 1048576K
}
Event: 6.341 GC heap before
{Heap before GC invocations=8 (full 1):
 PSYoungGen      total 125952K, used 125922K [0x00000000d5e00000, 0x00000000def00000, 0x0000000100000000)
  eden space 118272K, 100% used [0x00000000d5e00000,0x00000000dd180000,0x00000000dd180000)
  from space 7680K, 99% used [0x00000000de780000,0x00000000deef8a40,0x00000000def00000)
  to   space 8704K, 0% used [0x00000000dde00000,0x00000000dde00000,0x00000000de680000)
 ParOldGen       total 48128K, used 6285K [0x0000000081a00000, 0x0000000084900000, 0x00000000d5e00000)
  object space 48128K, 13% used [0x0000000081a00000,0x00000000820236f0,0x0000000084900000)
 Metaspace       used 29969K, capacity 30814K, committed 31104K, reserved 1077248K
  class space    used 3929K, capacity 4129K, committed 4224K, reserved 1048576K
Event: 6.367 GC heap after
Heap after GC invocations=8 (full 1):
 PSYoungGen      total 139776K, used 8695K [0x00000000d5e00000, 0x00000000e4180000, 0x0000000100000000)
  eden space 131072K, 0% used [0x00000000d5e00000,0x00000000d5e00000,0x00000000dde00000)
  from space 8704K, 99% used [0x00000000dde00000,0x00000000de67dfe0,0x00000000de680000)
  to   space 13824K, 0% used [0x00000000e3400000,0x00000000e3400000,0x00000000e4180000)
 ParOldGen       total 48128K, used 15165K [0x0000000081a00000, 0x0000000084900000, 0x00000000d5e00000)
  object space 48128K, 31% used [0x0000000081a00000,0x00000000828cf778,0x0000000084900000)
 Metaspace       used 29969K, capacity 30814K, committed 31104K, reserved 1077248K
  class space    used 3929K, capacity 4129K, committed 4224K, reserved 1048576K
}
Event: 8.578 GC heap before
{Heap before GC invocations=9 (full 1):
 PSYoungGen      total 139776K, used 124351K [0x00000000d5e00000, 0x00000000e4180000, 0x0000000100000000)
  eden space 131072K, 88% used [0x00000000d5e00000,0x00000000dcef1ce0,0x00000000dde00000)
  from space 8704K, 99% used [0x00000000dde00000,0x00000000de67dfe0,0x00000000de680000)
  to   space 13824K, 0% used [0x00000000e3400000,0x00000000e3400000,0x00000000e4180000)
 ParOldGen       total 48128K, used 15165K [0x0000000081a00000, 0x0000000084900000, 0x00000000d5e00000)
  object space 48128K, 31% used [0x0000000081a00000,0x00000000828cf778,0x0000000084900000)
 Metaspace       used 34465K, capacity 35446K, committed 35496K, reserved 1079296K
  class space    used 4599K, capacity 4825K, committed 4864K, reserved 1048576K
Event: 8.601 GC heap after
Heap after GC invocations=9 (full 1):
 PSYoungGen      total 215552K, used 13815K [0x00000000d5e00000, 0x00000000e5880000, 0x0000000100000000)
  eden space 201728K, 0% used [0x00000000d5e00000,0x00000000d5e00000,0x00000000e2300000)
  from space 13824K, 99% used [0x00000000e3400000,0x00000000e417dcd8,0x00000000e4180000)
  to   space 17408K, 0% used [0x00000000e2300000,0x00000000e2300000,0x00000000e3400000)
 ParOldGen       total 48128K, used 18946K [0x0000000081a00000, 0x0000000084900000, 0x00000000d5e00000)
  object space 48128K, 39% used [0x0000000081a00000,0x0000000082c80be0,0x0000000084900000)
 Metaspace       used 34465K, capacity 35446K, committed 35496K, reserved 1079296K
  class space    used 4599K, capacity 4825K, committed 4864K, reserved 1048576K
}
Event: 8.601 GC heap before
{Heap before GC invocations=10 (full 2):
 PSYoungGen      total 215552K, used 13815K [0x00000000d5e00000, 0x00000000e5880000, 0x0000000100000000)
  eden space 201728K, 0% used [0x00000000d5e00000,0x00000000d5e00000,0x00000000e2300000)
  from space 13824K, 99% used [0x00000000e3400000,0x00000000e417dcd8,0x00000000e4180000)
  to   space 17408K, 0% used [0x00000000e2300000,0x00000000e2300000,0x00000000e3400000)
 ParOldGen       total 48128K, used 18946K [0x0000000081a00000, 0x0000000084900000, 0x00000000d5e00000)
  object space 48128K, 39% used [0x0000000081a00000,0x0000000082c80be0,0x0000000084900000)
 Metaspace       used 34465K, capacity 35446K, committed 35496K, reserved 1079296K
  class space    used 4599K, capacity 4825K, committed 4864K, reserved 1048576K
Event: 8.752 GC heap after
Heap after GC invocations=10 (full 2):
 PSYoungGen      total 215552K, used 0K [0x00000000d5e00000, 0x00000000e5880000, 0x0000000100000000)
  eden space 201728K, 0% used [0x00000000d5e00000,0x00000000d5e00000,0x00000000e2300000)
  from space 13824K, 0% used [0x00000000e3400000,0x00000000e3400000,0x00000000e4180000)
  to   space 17408K, 0% used [0x00000000e2300000,0x00000000e2300000,0x00000000e3400000)
 ParOldGen       total 92160K, used 30807K [0x0000000081a00000, 0x0000000087400000, 0x00000000d5e00000)
  object space 92160K, 33% used [0x0000000081a00000,0x0000000083815f78,0x0000000087400000)
 Metaspace       used 34465K, capacity 35446K, committed 35496K, reserved 1079296K
  class space    used 4599K, capacity 4825K, committed 4864K, reserved 1048576K
}

Deoptimization events (10 events):
Event: 7.284 Thread 0x00000000032ee800 Uncommon trap: reason=bimorphic action=maybe_recompile pc=0x0000000003e945b4 method=org.springframework.util.CollectionUtils.isEmpty(Ljava/util/Collection;)Z @ 5
Event: 7.284 Thread 0x00000000032ee800 Uncommon trap: reason=bimorphic action=maybe_recompile pc=0x0000000003e945b4 method=org.springframework.util.CollectionUtils.isEmpty(Ljava/util/Collection;)Z @ 5
Event: 7.309 Thread 0x00000000032ee800 Uncommon trap: reason=class_check action=maybe_recompile pc=0x0000000003e0c070 method=org.springframework.core.annotation.AnnotationUtils.isSynthesizable(Ljava/lang/Class;)Z @ 59
Event: 7.842 Thread 0x00000000032ee800 Uncommon trap: reason=class_check action=maybe_recompile pc=0x0000000003e0c070 method=org.springframework.core.annotation.AnnotationUtils.isSynthesizable(Ljava/lang/Class;)Z @ 59
Event: 8.893 Thread 0x00000000032ee800 Uncommon trap: reason=unstable_if action=reinterpret pc=0x0000000003da0820 method=org.springframework.asm.MethodVisitor.visitMethodInsn(ILjava/lang/String;Ljava/lang/String;Ljava/lang/String;Z)V @ 50
Event: 8.932 Thread 0x00000000032ee800 Uncommon trap: reason=unstable_if action=reinterpret pc=0x0000000003dada84 method=java.util.LinkedList.node(I)Ljava/util/LinkedList$Node; @ 19
Event: 9.320 Thread 0x00000000032ee800 Uncommon trap: reason=unstable_if action=reinterpret pc=0x000000000352019c method=org.springframework.beans.factory.support.AbstractAutowireCapableBeanFactory.predictBeanType(Ljava/lang/String;Lorg/springframework/beans/factory/support/RootBeanDefinition;
Event: 9.320 Thread 0x00000000032ee800 Uncommon trap: reason=unstable_if action=reinterpret pc=0x00000000040875d8 method=org.springframework.beans.factory.support.AbstractAutowireCapableBeanFactory.predictBeanType(Ljava/lang/String;Lorg/springframework/beans/factory/support/RootBeanDefinition;
Event: 9.323 Thread 0x00000000032ee800 Uncommon trap: reason=unstable_if action=reinterpret pc=0x0000000003520d60 method=org.springframework.beans.factory.support.AbstractAutowireCapableBeanFactory.determineTargetType(Ljava/lang/String;Lorg/springframework/beans/factory/support/RootBeanDefinit
Event: 9.400 Thread 0x00000000032ee800 Uncommon trap: reason=unloaded action=reinterpret pc=0x0000000003e330d4 method=java.lang.Class.createAnnotationData(I)Ljava/lang/Class$AnnotationData; @ 98

Classes redefined (0 events):
No events

Internal exceptions (10 events):
Event: 9.692 Thread 0x00000000032ee800 Exception <a 'java/lang/ClassNotFoundException': java/lang/ObjectCustomizer> (0x00000000d9848000) thrown at [C:\re\workspace\8-2-build-windows-amd64-cygwin\jdk8u191\11896\hotspot\src\share\vm\classfile\systemDictionary.cpp, line 210]
Event: 9.700 Thread 0x00000000032ee800 Exception <a 'java/lang/ClassNotFoundException': org/springframework/beans/factory/config/InstantiationAwareBeanPostProcessorAdapterCustomizer> (0x00000000d987df50) thrown at [C:\re\workspace\8-2-build-windows-amd64-cygwin\jdk8u191\11896\hotspot\src\share
Event: 9.703 Thread 0x00000000032ee800 Exception <a 'java/lang/ClassNotFoundException': org/springframework/beans/factory/annotation/RequiredAnnotationBeanPostProcessorCustomizer> (0x00000000d98b4a88) thrown at [C:\re\workspace\8-2-build-windows-amd64-cygwin\jdk8u191\11896\hotspot\src\share\vm
Event: 9.709 Thread 0x00000000032ee800 Exception <a 'java/lang/ClassNotFoundException': org/springframework/beans/factory/support/MergedBeanDefinitionPostProcessorCustomizer> (0x00000000d98f1478) thrown at [C:\re\workspace\8-2-build-windows-amd64-cygwin\jdk8u191\11896\hotspot\src\share\vm\clas
Event: 9.711 Thread 0x00000000032ee800 Exception <a 'java/lang/ClassNotFoundException': org/springframework/core/PriorityOrderedCustomizer> (0x00000000d99111f8) thrown at [C:\re\workspace\8-2-build-windows-amd64-cygwin\jdk8u191\11896\hotspot\src\share\vm\classfile\systemDictionary.cpp, line 21
Event: 9.711 Thread 0x00000000032ee800 Exception <a 'java/lang/ClassNotFoundException': org/springframework/beans/factory/BeanFactoryAwareCustomizer> (0x00000000d9934fa0) thrown at [C:\re\workspace\8-2-build-windows-amd64-cygwin\jdk8u191\11896\hotspot\src\share\vm\classfile\systemDictionary.cp
Event: 9.712 Thread 0x00000000032ee800 Exception <a 'java/lang/ClassNotFoundException': org/springframework/beans/factory/config/SmartInstantiationAwareBeanPostProcessorCustomizer> (0x00000000d99680b8) thrown at [C:\re\workspace\8-2-build-windows-amd64-cygwin\jdk8u191\11896\hotspot\src\share\v
Event: 9.730 Thread 0x00000000032ee800 Exception <a 'java/lang/ClassNotFoundException': java/lang/ObjectCustomizer> (0x00000000d99ba708) thrown at [C:\re\workspace\8-2-build-windows-amd64-cygwin\jdk8u191\11896\hotspot\src\share\vm\classfile\systemDictionary.cpp, line 210]
Event: 9.731 Thread 0x00000000032ee800 Exception <a 'java/lang/ClassNotFoundException': org/springframework/beans/factory/annotation/InitDestroyAnnotationBeanPostProcessorCustomizer> (0x00000000d99f07f8) thrown at [C:\re\workspace\8-2-build-windows-amd64-cygwin\jdk8u191\11896\hotspot\src\share
Event: 9.734 Thread 0x00000000032ee800 Exception <a 'java/lang/ClassNotFoundException': org/springframework/context/annotation/CommonAnnotationBeanPostProcessorCustomizer> (0x00000000d9a29e00) thrown at [C:\re\workspace\8-2-build-windows-amd64-cygwin\jdk8u191\11896\hotspot\src\share\vm\classfi

Events (10 events):
Event: 9.732 loading class org/springframework/context/annotation/CommonAnnotationBeanPostProcessorCustomizer
Event: 9.732 loading class org/springframework/context/annotation/CommonAnnotationBeanPostProcessorCustomizer done
Event: 9.733 loading class org/springframework/context/annotation/CommonAnnotationBeanPostProcessorCustomizer
Event: 9.733 loading class org/springframework/context/annotation/CommonAnnotationBeanPostProcessorCustomizer done
Event: 9.734 loading class org/springframework/context/annotation/CommonAnnotationBeanPostProcessorCustomizer
Event: 9.734 loading class org/springframework/context/annotation/CommonAnnotationBeanPostProcessorCustomizer done
Event: 9.734 loading class org/springframework/beans/factory/config/InstantiationAwareBeanPostProcessorCustomizer
Event: 9.734 loading class org/springframework/beans/factory/config/InstantiationAwareBeanPostProcessorCustomizer done
Event: 9.736 loading class org/springframework/beans/factory/config/InstantiationAwareBeanPostProcessorCustomizer
Event: 9.736 loading class org/springframework/beans/factory/config/InstantiationAwareBeanPostProcessorCustomizer done


Dynamic libraries:
0x00007ff6fa8b0000 - 0x00007ff6fa8e7000 	C:\Program Files\Java\jdk1.8.0_191\jre\bin\java.exe
0x00007ffb224f0000 - 0x00007ffb226d1000 	C:\WINDOWS\SYSTEM32\ntdll.dll
0x00007ffb204a0000 - 0x00007ffb20552000 	C:\WINDOWS\System32\KERNEL32.DLL
0x00007ffb1f0d0000 - 0x00007ffb1f343000 	C:\WINDOWS\System32\KERNELBASE.dll
0x00007ffb20b40000 - 0x00007ffb20be1000 	C:\WINDOWS\System32\ADVAPI32.dll
0x00007ffb1ffa0000 - 0x00007ffb2003e000 	C:\WINDOWS\System32\msvcrt.dll
0x00007ffb1ff40000 - 0x00007ffb1ff9b000 	C:\WINDOWS\System32\sechost.dll
0x00007ffb1fe00000 - 0x00007ffb1ff24000 	C:\WINDOWS\System32\RPCRT4.dll
0x00007ffb20670000 - 0x00007ffb20800000 	C:\WINDOWS\System32\USER32.dll
0x00007ffb1f0b0000 - 0x00007ffb1f0d0000 	C:\WINDOWS\System32\win32u.dll
0x00007ffb223f0000 - 0x00007ffb22418000 	C:\WINDOWS\System32\GDI32.dll
0x00007ffb1f6f0000 - 0x00007ffb1f882000 	C:\WINDOWS\System32\gdi32full.dll
0x00007ffb1f8e0000 - 0x00007ffb1f97f000 	C:\WINDOWS\System32\msvcp_win.dll
0x00007ffb1f350000 - 0x00007ffb1f44a000 	C:\WINDOWS\System32\ucrtbase.dll
0x00007ffb13b10000 - 0x00007ffb13d79000 	C:\WINDOWS\WinSxS\amd64_microsoft.windows.common-controls_6595b64144ccf1df_6.0.17134.523_none_fb409dd930672a56\COMCTL32.dll
0x00007ffb1f980000 - 0x00007ffb1fca2000 	C:\WINDOWS\System32\combase.dll
0x00007ffb1e8c0000 - 0x00007ffb1e93a000 	C:\WINDOWS\System32\bcryptPrimitives.dll
0x00007ffb1fd20000 - 0x00007ffb1fd4d000 	C:\WINDOWS\System32\IMM32.DLL
0x0000000066c20000 - 0x0000000066cf2000 	C:\Program Files\Java\jdk1.8.0_191\jre\bin\msvcr100.dll
0x0000000066370000 - 0x0000000066c14000 	C:\Program Files\Java\jdk1.8.0_191\jre\bin\server\jvm.dll
0x00007ffb20490000 - 0x00007ffb20498000 	C:\WINDOWS\System32\PSAPI.DLL
0x00007ffb10d80000 - 0x00007ffb10d89000 	C:\WINDOWS\SYSTEM32\WSOCK32.dll
0x00007ffb152d0000 - 0x00007ffb152da000 	C:\WINDOWS\SYSTEM32\VERSION.dll
0x00007ffb1b660000 - 0x00007ffb1b683000 	C:\WINDOWS\SYSTEM32\WINMM.dll
0x00007ffb1fcb0000 - 0x00007ffb1fd1c000 	C:\WINDOWS\System32\WS2_32.dll
0x00007ffb1b630000 - 0x00007ffb1b65a000 	C:\WINDOWS\SYSTEM32\winmmbase.dll
0x00007ffb1f890000 - 0x00007ffb1f8d9000 	C:\WINDOWS\System32\cfgmgr32.dll
0x0000000066360000 - 0x000000006636f000 	C:\Program Files\Java\jdk1.8.0_191\jre\bin\verify.dll
0x0000000066330000 - 0x0000000066359000 	C:\Program Files\Java\jdk1.8.0_191\jre\bin\java.dll
0x0000000066310000 - 0x0000000066326000 	C:\Program Files\Java\jdk1.8.0_191\jre\bin\zip.dll
0x00007ffb20e00000 - 0x00007ffb22240000 	C:\WINDOWS\System32\SHELL32.dll
0x00007ffb1fd50000 - 0x00007ffb1fdf9000 	C:\WINDOWS\System32\shcore.dll
0x00007ffb1e940000 - 0x00007ffb1f04d000 	C:\WINDOWS\System32\windows.storage.dll
0x00007ffb20bf0000 - 0x00007ffb20c41000 	C:\WINDOWS\System32\shlwapi.dll
0x00007ffb1e880000 - 0x00007ffb1e891000 	C:\WINDOWS\System32\kernel.appcore.dll
0x00007ffb1e800000 - 0x00007ffb1e81f000 	C:\WINDOWS\System32\profapi.dll
0x00007ffb1e820000 - 0x00007ffb1e86c000 	C:\WINDOWS\System32\powrprof.dll
0x00007ffb1e870000 - 0x00007ffb1e87a000 	C:\WINDOWS\System32\FLTLIB.DLL
0x00000000662b0000 - 0x00000000662bd000 	C:\Program Files\Java\jdk1.8.0_191\jre\bin\management.dll
0x00000000662c0000 - 0x00000000662da000 	C:\Program Files\Java\jdk1.8.0_191\jre\bin\net.dll
0x00007ffb1e060000 - 0x00007ffb1e0c6000 	C:\WINDOWS\system32\mswsock.dll
0x0000000066290000 - 0x00000000662a1000 	C:\Program Files\Java\jdk1.8.0_191\jre\bin\nio.dll
0x00007ffb073b0000 - 0x00007ffb073c6000 	C:\WINDOWS\system32\napinsp.dll
0x00007ffb07390000 - 0x00007ffb073aa000 	C:\WINDOWS\system32\pnrpnsp.dll
0x00007ffb1b370000 - 0x00007ffb1b389000 	C:\WINDOWS\system32\NLAapi.dll
0x00007ffb1de30000 - 0x00007ffb1deee000 	C:\WINDOWS\SYSTEM32\DNSAPI.dll
0x00007ffb1ff30000 - 0x00007ffb1ff38000 	C:\WINDOWS\System32\NSI.dll
0x00007ffb1dde0000 - 0x00007ffb1de18000 	C:\WINDOWS\SYSTEM32\IPHLPAPI.DLL
0x00007ffb10cb0000 - 0x00007ffb10cbe000 	C:\WINDOWS\System32\winrnr.dll
0x00007ffb15e00000 - 0x00007ffb15e15000 	C:\WINDOWS\System32\wshbth.dll
0x00007ffb12510000 - 0x00007ffb1251a000 	C:\Windows\System32\rasadhlp.dll
0x00007ffb133c0000 - 0x00007ffb13432000 	C:\WINDOWS\System32\fwpuclnt.dll
0x00007ffb1e340000 - 0x00007ffb1e365000 	C:\WINDOWS\SYSTEM32\bcrypt.dll

VM Arguments:
java_command: C:\Users\小米air\AppData\Local\Temp\surefire5015114060608518248\surefirebooter7409475067550833256.jar C:\Users\小米air\AppData\Local\Temp\surefire5015114060608518248 2019-01-25T13-04-21_124-jvmRun1 surefire5106714530636205016tmp surefire_04169462666841385904tmp
java_class_path (initial): C:\Users\小米air\AppData\Local\Temp\surefire5015114060608518248\surefirebooter7409475067550833256.jar
Launcher Type: SUN_STANDARD

Environment Variables:
JAVA_HOME=C:\Program Files\Java\jdk1.8.0_191
CLASSPATH=C:\Program Files\Java\jdk1.8.0_191\lib;C:\Program Files\Java\jdk1.8.0_191\lib\tools.jar
PATH=C:\Program Files (x86)\Common Files\Oracle\Java\javapath;C:\Windows\system32;C:\Windows;C:\Windows\System32\Wbem;C:\Windows\System32\WindowsPowerShell\v1.0\;C:\Program Files (x86)\NVIDIA Corporation\PhysX\Common;C:\Program Files\Intel\WiFi\bin\;C:\Program Files\Common Files\Intel\WirelessCommon\;C:\WINDOWS\system32;C:\WINDOWS;C:\WINDOWS\System32\Wbem;C:\WINDOWS\System32\WindowsPowerShell\v1.0\;C:\WINDOWS\System32\OpenSSH\;C:\Program Files\Java\jdk1.8.0_191\bin;C:\Program Files\Java\jre1.8.0_191\bin;D:\Git\cmd;C:\Users\小米air\AppData\Local\Microsoft\WindowsApps;C:\Users\小米air\AppData\Roaming\npm;D:\软件资源\Microsoft VS Code\bin
USERNAME=小米air
OS=Windows_NT
PROCESSOR_IDENTIFIER=Intel64 Family 6 Model 78 Stepping 3, GenuineIntel



---------------  S Y S T E M  ---------------

OS: Windows 10.0 , 64 bit Build 17134 (10.0.17134.1)

CPU:total 4 (initial active 4) (2 cores per cpu, 2 threads per core) family 6 model 78 stepping 3, cmov, cx8, fxsr, mmx, sse, sse2, sse3, ssse3, sse4.1, sse4.2, popcnt, avx, avx2, aes, clmul, erms, 3dnowpref, lzcnt, ht, tsc, tscinvbit, bmi1, bmi2, adx

Memory: 4k page, physical 8281888k(473464k free), swap 19964220k(2600k free)

vm_info: Java HotSpot(TM) 64-Bit Server VM (25.191-b12) for windows-amd64 JRE (1.8.0_191-b12), built on Oct  6 2018 09:29:03 by "java_re" with MS VC++ 10.0 (VS2010)

time: Fri Jan 25 13:04:36 2019
elapsed time: 9 seconds (0d 0h 0m 9s)

